# JRE version: OpenJDK Runtime Environment (8.0_152-b01) (build 1.8.0_152-release-915-b01)
# Java VM: OpenJDK 64-Bit Server VM (25.152-b01 mixed mode windows-amd64 compressed oops)
Heap:
 PSYoungGen      total 363520K, used 314632K [0x00000000e0000000, 0x00000000fb700000, 0x0000000100000000)
  eden space 328704K, 90% used [0x00000000e0000000,0x00000000f2374058,0x00000000f4100000)
  from space 34816K, 46% used [0x00000000f4100000,0x00000000f50ce1a8,0x00000000f6300000)
  to   space 28160K, 0% used [0x00000000f6300000,0x00000000f6300000,0x00000000f7e80000)
 ParOldGen       total 139776K, used 72251K [0x00000000a0000000, 0x00000000a8880000, 0x00000000e0000000)
  object space 139776K, 51% used [0x00000000a0000000,0x00000000a468eeb8,0x00000000a8880000)
 Metaspace       used 76945K, capacity 80688K, committed 81024K, reserved 1120256K
  class space    used 9907K, capacity 10791K, committed 10880K, reserved 1048576K
GC Heap History (10 events):
Event: 10.750 GC heap before
{Heap before GC invocations=14 (full 3):
 PSYoungGen      total 256512K, used 5785K [0x00000000e0000000, 0x00000000f6580000, 0x0000000100000000)
  eden space 232448K, 0% used [0x00000000e0000000,0x00000000e0000000,0x00000000ee300000)
  from space 24064K, 24% used [0x00000000ee300000,0x00000000ee8a66d8,0x00000000efa80000)
  to   space 23552K, 0% used [0x00000000f4e80000,0x00000000f4e80000,0x00000000f6580000)
 ParOldGen       total 77824K, used 53391K [0x00000000a0000000, 0x00000000a4c00000, 0x00000000e0000000)
  object space 77824K, 68% used [0x00000000a0000000,0x00000000a3423f80,0x00000000a4c00000)
 Metaspace       used 56712K, capacity 58882K, committed 59028K, reserved 1099776K
  class space    used 7795K, capacity 8425K, committed 8448K, reserved 1048576K
Event: 10.977 GC heap after
Heap after GC invocations=14 (full 3):
 PSYoungGen      total 256512K, used 0K [0x00000000e0000000, 0x00000000f6580000, 0x0000000100000000)
  eden space 232448K, 0% used [0x00000000e0000000,0x00000000e0000000,0x00000000ee300000)
  from space 24064K, 0% used [0x00000000ee300000,0x00000000ee300000,0x00000000efa80000)
  to   space 23552K, 0% used [0x00000000f4e80000,0x00000000f4e80000,0x00000000f6580000)
 ParOldGen       total 139776K, used 48142K [0x00000000a0000000, 0x00000000a8880000, 0x00000000e0000000)
  object space 139776K, 34% used [0x00000000a0000000,0x00000000a2f038a0,0x00000000a8880000)
 Metaspace       used 56712K, capacity 58882K, committed 59028K, reserved 1099776K
  class space    used 7795K, capacity 8425K, committed 8448K, reserved 1048576K
}
Event: 20.447 GC heap before
{Heap before GC invocations=15 (full 3):
 PSYoungGen      total 256512K, used 232448K [0x00000000e0000000, 0x00000000f6580000, 0x0000000100000000)
  eden space 232448K, 100% used [0x00000000e0000000,0x00000000ee300000,0x00000000ee300000)
  from space 24064K, 0% used [0x00000000ee300000,0x00000000ee300000,0x00000000efa80000)
  to   space 23552K, 0% used [0x00000000f4e80000,0x00000000f4e80000,0x00000000f6580000)
 ParOldGen       total 139776K, used 48142K [0x00000000a0000000, 0x00000000a8880000, 0x00000000e0000000)
  object space 139776K, 34% used [0x00000000a0000000,0x00000000a2f038a0,0x00000000a8880000)
 Metaspace       used 64254K, capacity 67284K, committed 67456K, reserved 1107968K
  class space    used 8566K, capacity 9301K, committed 9344K, reserved 1048576K
Event: 20.460 GC heap after
Heap after GC invocations=15 (full 3):
 PSYoungGen      total 300544K, used 16890K [0x00000000e0000000, 0x00000000f5f00000, 0x0000000100000000)
  eden space 283648K, 0% used [0x00000000e0000000,0x00000000e0000000,0x00000000f1500000)
  from space 16896K, 99% used [0x00000000f4e80000,0x00000000f5efe970,0x00000000f5f00000)
  to   space 24576K, 0% used [0x00000000f2f00000,0x00000000f2f00000,0x00000000f4700000)
 ParOldGen       total 139776K, used 48158K [0x00000000a0000000, 0x00000000a8880000, 0x00000000e0000000)
  object space 139776K, 34% used [0x00000000a0000000,0x00000000a2f078a0,0x00000000a8880000)
 Metaspace       used 64254K, capacity 67284K, committed 67456K, reserved 1107968K
  class space    used 8566K, capacity 9301K, committed 9344K, reserved 1048576K
}
Event: 3656.307 GC heap before
{Heap before GC invocations=16 (full 3):
 PSYoungGen      total 300544K, used 300521K [0x00000000e0000000, 0x00000000f5f00000, 0x0000000100000000)
  eden space 283648K, 99% used [0x00000000e0000000,0x00000000f14fbdf0,0x00000000f1500000)
  from space 16896K, 99% used [0x00000000f4e80000,0x00000000f5efe970,0x00000000f5f00000)
  to   space 24576K, 0% used [0x00000000f2f00000,0x00000000f2f00000,0x00000000f4700000)
 ParOldGen       total 139776K, used 48158K [0x00000000a0000000, 0x00000000a8880000, 0x00000000e0000000)
  object space 139776K, 34% used [0x00000000a0000000,0x00000000a2f078a0,0x00000000a8880000)
 Metaspace       used 72992K, capacity 76444K, committed 76544K, reserved 1116160K
  class space    used 9573K, capacity 10441K, committed 10496K, reserved 1048576K
Event: 3656.345 GC heap after
Heap after GC invocations=16 (full 3):
 PSYoungGen      total 334848K, used 24261K [0x00000000e0000000, 0x00000000f7e80000, 0x0000000100000000)
  eden space 310272K, 0% used [0x00000000e0000000,0x00000000e0000000,0x00000000f2f00000)
  from space 24576K, 98% used [0x00000000f2f00000,0x00000000f46b1488,0x00000000f4700000)
  to   space 28160K, 0% used [0x00000000f6300000,0x00000000f6300000,0x00000000f7e80000)
 ParOldGen       total 139776K, used 48166K [0x00000000a0000000, 0x00000000a8880000, 0x00000000e0000000)
  object space 139776K, 34% used [0x00000000a0000000,0x00000000a2f098a0,0x00000000a8880000)
 Metaspace       used 72992K, capacity 76444K, committed 76544K, reserved 1116160K
  class space    used 9573K, capacity 10441K, committed 10496K, reserved 1048576K
}
Event: 3657.540 GC heap before
{Heap before GC invocations=17 (full 3):
 PSYoungGen      total 334848K, used 334533K [0x00000000e0000000, 0x00000000f7e80000, 0x0000000100000000)
  eden space 310272K, 100% used [0x00000000e0000000,0x00000000f2f00000,0x00000000f2f00000)
  from space 24576K, 98% used [0x00000000f2f00000,0x00000000f46b1488,0x00000000f4700000)
  to   space 28160K, 0% used [0x00000000f6300000,0x00000000f6300000,0x00000000f7e80000)
 ParOldGen       total 139776K, used 48166K [0x00000000a0000000, 0x00000000a8880000, 0x00000000e0000000)
  object space 139776K, 34% used [0x00000000a0000000,0x00000000a2f098a0,0x00000000a8880000)
 Metaspace       used 76653K, capacity 80348K, committed 80512K, reserved 1118208K
  class space    used 9903K, capacity 10789K, committed 10880K, reserved 1048576K
Event: 3657.579 GC heap after
Heap after GC invocations=17 (full 3):
 PSYoungGen      total 356864K, used 28151K [0x00000000e0000000, 0x00000000fb700000, 0x0000000100000000)
  eden space 328704K, 0% used [0x00000000e0000000,0x00000000e0000000,0x00000000f4100000)
  from space 28160K, 99% used [0x00000000f6300000,0x00000000f7e7dd20,0x00000000f7e80000)
  to   space 34816K, 0% used [0x00000000f4100000,0x00000000f4100000,0x00000000f6300000)
 ParOldGen       total 139776K, used 54685K [0x00000000a0000000, 0x00000000a8880000, 0x00000000e0000000)
  object space 139776K, 39% used [0x00000000a0000000,0x00000000a35674f0,0x00000000a8880000)
 Metaspace       used 76653K, capacity 80348K, committed 80512K, reserved 1118208K
  class space    used 9903K, capacity 10789K, committed 10880K, reserved 1048576K
}
Event: 3658.541 GC heap before
{Heap before GC invocations=18 (full 3):
 PSYoungGen      total 356864K, used 356855K [0x00000000e0000000, 0x00000000fb700000, 0x0000000100000000)
  eden space 328704K, 100% used [0x00000000e0000000,0x00000000f4100000,0x00000000f4100000)
  from space 28160K, 99% used [0x00000000f6300000,0x00000000f7e7dd20,0x00000000f7e80000)
  to   space 34816K, 0% used [0x00000000f4100000,0x00000000f4100000,0x00000000f6300000)
 ParOldGen       total 139776K, used 54685K [0x00000000a0000000, 0x00000000a8880000, 0x00000000e0000000)
  object space 139776K, 39% used [0x00000000a0000000,0x00000000a35674f0,0x00000000a8880000)
 Metaspace       used 76920K, capacity 80624K, committed 80768K, reserved 1120256K
  class space    used 9907K, capacity 10791K, committed 10880K, reserved 1048576K
Event: 3658.586 GC heap after
Heap after GC invocations=18 (full 3):
 PSYoungGen      total 363520K, used 16184K [0x00000000e0000000, 0x00000000fb700000, 0x0000000100000000)
  eden space 328704K, 0% used [0x00000000e0000000,0x00000000e0000000,0x00000000f4100000)
  from space 34816K, 46% used [0x00000000f4100000,0x00000000f50ce1a8,0x00000000f6300000)
  to   space 28160K, 0% used [0x00000000f6300000,0x00000000f6300000,0x00000000f7e80000)
 ParOldGen       total 139776K, used 72251K [0x00000000a0000000, 0x00000000a8880000, 0x00000000e0000000)
  object space 139776K, 51% used [0x00000000a0000000,0x00000000a468eeb8,0x00000000a8880000)
 Metaspace       used 76920K, capacity 80624K, committed 80768K, reserved 1120256K
  class space    used 9907K, capacity 10791K, committed 10880K, reserved 1048576K
}

